<?xml version="1.0" encoding="UTF-8"?>
<!-- Generated by org.testng.reporters.JUnitReportReporter -->
<testsuite hostname="DESKTOP-4HN56NV" failures="0" tests="3" name="LoanApplications.PersonalLoanApplicationTests" time="0.003" errors="0" timestamp="2022-09-28T10:35:36 IST" skipped="0">
  <testcase classname="LoanApplications.PersonalLoanApplicationTests" name="personalloanLoginAPI" time="0.001"/>
  <system-out/>
  <testcase classname="LoanApplications.PersonalLoanApplicationTests" name="personalloanLoginMobile" time="0.001"/>
  <system-out/>
  <testcase classname="LoanApplications.PersonalLoanApplicationTests" name="personalloanLoginWeb" time="0.001"/>
  <system-out/>
</testsuite> <!-- LoanApplications.PersonalLoanApplicationTests -->
