<?xml version="1.0" encoding="UTF-8"?>
<!-- Generated by org.testng.reporters.JUnitReportReporter -->
<testsuite hostname="DESKTOP-4HN56NV" failures="0" tests="1" name="LoanApplications.CarLoanApplicationTests" time="0.002" errors="0" timestamp="2022-09-27T12:53:55 IST" skipped="0">
  <testcase classname="LoanApplications.CarLoanApplicationTests" name="carloanLoginMobile" time="0.002"/>
  <system-out/>
</testsuite> <!-- LoanApplications.CarLoanApplicationTests -->
