<?xml version="1.0" encoding="UTF-8"?>
<!-- Generated by org.testng.reporters.JUnitReportReporter -->
<testsuite hostname="DESKTOP-4HN56NV" failures="0" tests="3" name="LoanApplications.CarLoanApplicationTests" time="0.006" errors="0" timestamp="2022-09-28T10:35:36 IST" skipped="1">
  <testcase classname="LoanApplications.CarLoanApplicationTests" name="carloanLoginAPI" time="0.001"/>
  <system-out/>
  <testcase classname="LoanApplications.CarLoanApplicationTests" name="carloanLoginWeb" time="0.005"/>
  <system-out/>
  <testcase classname="LoanApplications.CarLoanApplicationTests" name="carloanLoginMobile">
    <skipped/>
  </testcase> <!-- carloanLoginMobile -->
  <system-out/>
</testsuite> <!-- LoanApplications.CarLoanApplicationTests -->
