<?xml version="1.0" encoding="UTF-8"?>
<!-- Generated by org.testng.reporters.JUnitReportReporter -->
<testsuite hostname="DESKTOP-4HN56NV" failures="0" tests="3" name="testpkg.ParamTest" time="0.009" errors="0" timestamp="2022-09-28T10:05:56 IST" skipped="0">
  <testcase classname="testpkg.ParamTest" name="ApplyforLoan" time="0.007"/>
  <system-out/>
  <testcase classname="testpkg.ParamTest" name="ApplyforLoan" time="0.001"/>
  <system-out/>
  <testcase classname="testpkg.ParamTest" name="ApplyforLoan" time="0.001"/>
  <system-out/>
</testsuite> <!-- testpkg.ParamTest -->
