<?xml version="1.0" encoding="UTF-8"?>
<!-- Generated by org.testng.reporters.JUnitReportReporter -->
<testsuite hostname="DESKTOP-4HN56NV" failures="0" tests="3" name="LoanApplications.HomeLoanApplicationTests" time="0.008" errors="0" timestamp="2022-09-28T10:35:36 IST" skipped="0">
  <testcase classname="LoanApplications.HomeLoanApplicationTests" name="MobileHomeLoan" time="0.001"/>
  <system-out/>
  <testcase classname="LoanApplications.HomeLoanApplicationTests" name="APIHomeLoan" time="0.006"/>
  <system-out/>
  <testcase classname="LoanApplications.HomeLoanApplicationTests" name="WebHomeLoan" time="0.001"/>
  <system-out/>
</testsuite> <!-- LoanApplications.HomeLoanApplicationTests -->
