<?xml version="1.0" encoding="UTF-8"?>
<!-- Generated by org.testng.reporters.JUnitReportReporter -->
<testsuite hostname="DESKTOP-4HN56NV" failures="0" tests="1" name="testpkg.sample1" time="0.007" errors="0" timestamp="2022-09-27T11:58:24 IST" skipped="0">
  <testcase classname="testpkg.sample1" name="demo" time="0.007"/>
  <system-out/>
</testsuite> <!-- testpkg.sample1 -->
