<?xml version="1.0" encoding="UTF-8"?>
<!-- Generated by org.testng.reporters.JUnitReportReporter -->
<testsuite hostname="DESKTOP-4HN56NV" failures="0" tests="1" name="com.flipkart.imageDownloadedBeforeScroll" time="91.511" errors="0" timestamp="2022-10-11T10:45:40 IST" skipped="0">
  <testcase classname="com.flipkart.imageDownloadedBeforeScroll" name="imageDownloadedBeforeScroll" time="91.511"/>
  <system-out/>
</testsuite> <!-- com.flipkart.imageDownloadedBeforeScroll -->
