<?xml version="1.0" encoding="UTF-8"?>
<!-- Generated by org.testng.reporters.JUnitReportReporter -->
<testsuite hostname="DESKTOP-4HN56NV" failures="0" tests="1" name="com.flipkart.ImageLoaded" time="54.074" errors="0" timestamp="2022-10-11T10:36:33 IST" skipped="0">
  <testcase classname="com.flipkart.ImageLoaded" name="imageLoaded" time="54.074"/>
  <system-out/>
</testsuite> <!-- com.flipkart.ImageLoaded -->
