<?xml version="1.0" encoding="UTF-8"?>
<!-- Generated by org.testng.reporters.JUnitReportReporter -->
<testsuite hostname="DESKTOP-4HN56NV" failures="0" tests="1" name="com.flipkart.checkFrequency" time="116.326" errors="0" timestamp="2022-10-11T10:40:23 IST" skipped="0">
  <testcase classname="com.flipkart.checkFrequency" name="checkFrequency" time="116.326"/>
  <system-out/>
</testsuite> <!-- com.flipkart.checkFrequency -->
