<?xml version="1.0" encoding="UTF-8"?>
<!-- Generated by org.testng.reporters.JUnitReportReporter -->
<testsuite hostname="DESKTOP-4HN56NV" failures="0" tests="1" name="com.flipkart.scrollFeature" time="65.614" errors="0" timestamp="2022-10-11T10:33:39 IST" skipped="0">
  <testcase classname="com.flipkart.scrollFeature" name="scrollFeature" time="65.614"/>
  <system-out/>
</testsuite> <!-- com.flipkart.scrollFeature -->
