<?xml version="1.0" encoding="UTF-8"?>
<!-- Generated by org.testng.reporters.JUnitReportReporter -->
<testsuite hostname="DESKTOP-4HN56NV" failures="0" tests="1" name="com.flipkart.SearchProduct" time="26.285" errors="0" timestamp="2022-10-11T10:29:11 IST" skipped="0">
  <testcase classname="com.flipkart.SearchProduct" name="searchProduct" time="26.285"/>
  <system-out/>
</testsuite> <!-- com.flipkart.SearchProduct -->
