<?xml version="1.0" encoding="UTF-8"?>
<!-- Generated by org.testng.reporters.JUnitReportReporter -->
<testsuite hostname="DESKTOP-4HN56NV" failures="0" tests="1" name="ecommerce.site.SearchProduct" time="29.442" errors="0" timestamp="2022-09-30T12:24:26 IST" skipped="0">
  <testcase classname="ecommerce.site.SearchProduct" name="searchProduct" time="29.442"/>
  <system-out/>
</testsuite> <!-- ecommerce.site.SearchProduct -->
