<?xml version="1.0" encoding="UTF-8"?>
<!-- Generated by org.testng.reporters.JUnitReportReporter -->
<testsuite hostname="DESKTOP-4HN56NV" failures="0" tests="1" name="ecommerce.site.Login" time="22.868" errors="0" timestamp="2022-10-01T11:55:42 IST" skipped="0">
  <testcase classname="ecommerce.site.Login" name="login" time="22.868"/>
  <system-out/>
</testsuite> <!-- ecommerce.site.Login -->
