<?xml version="1.0" encoding="UTF-8"?>
<!-- Generated by org.testng.reporters.JUnitReportReporter -->
<testsuite hostname="DESKTOP-4HN56NV" failures="0" tests="1" name="ecommerceSite.Registration" time="16.620" errors="0" timestamp="2022-10-01T12:14:02 IST" skipped="0">
  <testcase classname="ecommerceSite.Registration" name="registration" time="16.620"/>
  <system-out/>
</testsuite> <!-- ecommerceSite.Registration -->
