<?xml version="1.0" encoding="UTF-8"?>
<!-- Generated by org.testng.reporters.JUnitReportReporter -->
<testsuite hostname="DESKTOP-4HN56NV" failures="0" tests="1" name="ecommerceSite.Login" time="13.327" errors="0" timestamp="2022-10-01T12:19:37 IST" skipped="0">
  <testcase classname="ecommerceSite.Login" name="login" time="13.327"/>
  <system-out/>
</testsuite> <!-- ecommerceSite.Login -->
