<?xml version="1.0" encoding="UTF-8"?>
<!-- Generated by org.testng.reporters.JUnitReportReporter -->
<testsuite hostname="DESKTOP-4HN56NV" failures="0" tests="1" name="ecommerceSite.SearchProduct" time="15.556" errors="0" timestamp="2022-10-01T12:21:46 IST" skipped="0">
  <testcase classname="ecommerceSite.SearchProduct" name="searchProduct" time="15.556"/>
  <system-out/>
</testsuite> <!-- ecommerceSite.SearchProduct -->
