<?xml version="1.0" encoding="UTF-8"?>
<!-- Generated by org.testng.reporters.JUnitReportReporter -->
<testsuite hostname="DESKTOP-4HN56NV" failures="0" tests="1" name="ecommerceSite.AddToCart" time="35.400" errors="0" timestamp="2022-10-01T12:25:01 IST" skipped="0">
  <testcase classname="ecommerceSite.AddToCart" name="addToCart" time="35.400"/>
  <system-out/>
</testsuite> <!-- ecommerceSite.AddToCart -->
