<?xml version="1.0" encoding="UTF-8"?>
<!-- Generated by org.testng.reporters.JUnitReportReporter -->
<testsuite hostname="DESKTOP-4HN56NV" failures="0" tests="1" name="ecommerce.site.AddToCart" time="39.123" errors="0" timestamp="2022-09-30T12:38:41 IST" skipped="0">
  <testcase classname="ecommerce.site.AddToCart" name="addToCart" time="39.123"/>
  <system-out/>
</testsuite> <!-- ecommerce.site.AddToCart -->
