<?xml version="1.0" encoding="UTF-8"?>
<!-- Generated by org.testng.reporters.JUnitReportReporter -->
<testsuite hostname="DESKTOP-4HN56NV" failures="0" tests="1" name="ecommerce.site.Registration" time="26.057" errors="0" timestamp="2022-09-30T12:09:48 IST" skipped="0">
  <testcase classname="ecommerce.site.Registration" name="registration" time="26.057"/>
  <system-out/>
</testsuite> <!-- ecommerce.site.Registration -->
